<?xml version="1.0" encoding="UTF-8"?>
<testsuite name="shop.app.server.service.AddressTypeTestCase" tests="4" skipped="0" failures="0" errors="0" timestamp="2015-12-04T13:09:12" hostname="858d33beece3" time="0.229">
  <properties/>
  <testcase name="test1Save" classname="shop.app.server.service.AddressTypeTestCase" time="0.074"/>
  <testcase name="test2Update" classname="shop.app.server.service.AddressTypeTestCase" time="0.054"/>
  <testcase name="test3FindById" classname="shop.app.server.service.AddressTypeTestCase" time="0.007"/>
  <testcase name="test4Delete" classname="shop.app.server.service.AddressTypeTestCase" time="0.093"/>
  <system-out><![CDATA[Setting logged in user info for ADD
In around repository aspect
[EL Fine]: sql: 2015-12-04 13:09:12.676--ClientSession(2015995108)--Connection(1006291588)--Thread(Thread[Test worker,5,main])--INSERT INTO ast_AddressType_M (addressTypeId, addressType, addressTypeDesc, addressTypeIcon, versionId, createdBy, createdDate, updatedBy, updatedDate, activeStatus, txnAccessCode) VALUES (?, ?, ?, ?, ?, ?, ?, ?, ?, ?, ?)
	bind => [8F219774-A1E1-4D40-8B26-18769698B76A, 8P6pnOc7c3U208sBDBpw7ZJynZPginggQ77arJXc65xauXHbjh, AoifH1KwQh1jzxktbIUYzNbr4XxHnzwFxPXalnRnfJ6jC9PRKY, 8xFEwKaxtIGJXbqFAiuxcw3OffBvYvPT1ZD0HPR03DMjTuqpIa, 1, AAAAA, 2015-12-04 18:39:12.666, null, 2015-12-04 18:39:12.666, 1, null]
In around repository aspect
[EL Fine]: sql: 2015-12-04 13:09:12.731--ClientSession(542249548)--Connection(1006291588)--Thread(Thread[Test worker,5,main])--SELECT addressTypeId, addressType, addressTypeDesc, addressTypeIcon, versionId, createdBy, createdDate, updatedBy, updatedDate, activeStatus, txnAccessCode FROM ast_AddressType_M WHERE ((activeStatus = ?) AND (addressTypeId = ?))
	bind => [1, 8F219774-A1E1-4D40-8B26-18769698B76A]
Setting logged in user info for UPDATE
In around repository aspect
[EL Fine]: sql: 2015-12-04 13:09:12.736--ClientSession(377822404)--Connection(1006291588)--Thread(Thread[Test worker,5,main])--SELECT addressTypeId, addressType, addressTypeDesc, addressTypeIcon, versionId, createdBy, createdDate, updatedBy, updatedDate, activeStatus, txnAccessCode FROM ast_AddressType_M WHERE (addressTypeId = ?)
	bind => [8F219774-A1E1-4D40-8B26-18769698B76A]
[EL Fine]: sql: 2015-12-04 13:09:12.738--ClientSession(377822404)--Connection(1006291588)--Thread(Thread[Test worker,5,main])--UPDATE ast_AddressType_M SET addressType = ?, addressTypeDesc = ?, addressTypeIcon = ?, updatedBy = ?, versionId = ? WHERE ((addressTypeId = ?) AND (versionId = ?))
	bind => [z5ft8OXUBGrY8zsOyexv3q7bT0zc4tRycSAxYAn4mgkxTQLtAa, AEukh8ClRChVbnezxiPtcq028dn9KUFbzI4pov5fcXHQxcT8IG, fFw4pra2cmu4PfDyzrUZwaIe51Xp7r5O0SRnkXvR915EWPX9Lc, AAAAA, 2, 8F219774-A1E1-4D40-8B26-18769698B76A, 1]
In around repository aspect
[EL Fine]: sql: 2015-12-04 13:09:12.782--ClientSession(1578793477)--Connection(1006291588)--Thread(Thread[Test worker,5,main])--SELECT addressTypeId, addressType, addressTypeDesc, addressTypeIcon, versionId, createdBy, createdDate, updatedBy, updatedDate, activeStatus, txnAccessCode FROM ast_AddressType_M WHERE ((activeStatus = ?) AND (addressTypeId = ?))
	bind => [1, 8F219774-A1E1-4D40-8B26-18769698B76A]
In around repository aspect
[EL Fine]: sql: 2015-12-04 13:09:12.787--ClientSession(1260313400)--Connection(1006291588)--Thread(Thread[Test worker,5,main])--SELECT addressTypeId, addressType, addressTypeDesc, addressTypeIcon, versionId, createdBy, createdDate, updatedBy, updatedDate, activeStatus, txnAccessCode FROM ast_AddressType_M WHERE (addressTypeId = ?)
	bind => [8F219774-A1E1-4D40-8B26-18769698B76A]
[EL Fine]: sql: 2015-12-04 13:09:12.789--ClientSession(1260313400)--Connection(1006291588)--Thread(Thread[Test worker,5,main])--DELETE FROM ast_AddressType_M WHERE ((addressTypeId = ?) AND (versionId = ?))
	bind => [8F219774-A1E1-4D40-8B26-18769698B76A, 2]
]]></system-out>
  <system-err><![CDATA[]]></system-err>
</testsuite>
