<?xml version="1.0" encoding="UTF-8"?>
<testsuite name="shop.app.server.service.PasswordAlgoTestCase" tests="4" skipped="0" failures="0" errors="0" timestamp="2015-12-04T13:09:23" hostname="858d33beece3" time="0.242">
  <properties/>
  <testcase name="test1Save" classname="shop.app.server.service.PasswordAlgoTestCase" time="0.087"/>
  <testcase name="test2Update" classname="shop.app.server.service.PasswordAlgoTestCase" time="0.055"/>
  <testcase name="test3FindById" classname="shop.app.server.service.PasswordAlgoTestCase" time="0.006"/>
  <testcase name="test4Delete" classname="shop.app.server.service.PasswordAlgoTestCase" time="0.093"/>
  <system-out><![CDATA[Setting logged in user info for ADD
In around repository aspect
[EL Fine]: sql: 2015-12-04 13:09:23.317--ClientSession(1590384417)--Connection(1006291588)--Thread(Thread[Test worker,5,main])--INSERT INTO ast_PasswordAlgo_M (algoId, algoDescription, algoHelp, algoIcon, algoName, algorithm, versionId, createdBy, createdDate, updatedBy, updatedDate, activeStatus, txnAccessCode) VALUES (?, ?, ?, ?, ?, ?, ?, ?, ?, ?, ?, ?, ?)
	bind => [7CB1D21D-D36E-4E5D-978A-8AA22D97D784, TSUq1ArVQfW7zprnYdLceuGno90ji9ks4rm3RSVUNNzkTOI7cz, 6kmd17VLmLxVMjxmGkj2BBKTkbL00Tq3Y5xiQ0nYlajk3CH0oh, 9Pf2KELngmf80JQEzFNfeg5tYgbIxXOMCYDOwGTUGv7CjE5YtF, c9DgTMAhwQoetCG2yw2H72jcqdqq3xDu9geH0UP1vAljFHsMg1, 4, 1, AAAAA, 2015-12-04 18:39:23.296, null, 2015-12-04 18:39:23.296, 1, null]
In around repository aspect
[EL Fine]: sql: 2015-12-04 13:09:23.379--ClientSession(417683708)--Connection(1006291588)--Thread(Thread[Test worker,5,main])--SELECT algoId, algoDescription, algoHelp, algoIcon, algoName, algorithm, versionId, createdBy, createdDate, updatedBy, updatedDate, activeStatus, txnAccessCode FROM ast_PasswordAlgo_M WHERE ((activeStatus = ?) AND (algoId = ?))
	bind => [1, 7CB1D21D-D36E-4E5D-978A-8AA22D97D784]
Setting logged in user info for UPDATE
In around repository aspect
[EL Fine]: sql: 2015-12-04 13:09:23.382--ClientSession(1890961544)--Connection(1006291588)--Thread(Thread[Test worker,5,main])--SELECT algoId, algoDescription, algoHelp, algoIcon, algoName, algorithm, versionId, createdBy, createdDate, updatedBy, updatedDate, activeStatus, txnAccessCode FROM ast_PasswordAlgo_M WHERE (algoId = ?)
	bind => [7CB1D21D-D36E-4E5D-978A-8AA22D97D784]
[EL Fine]: sql: 2015-12-04 13:09:23.384--ClientSession(1890961544)--Connection(1006291588)--Thread(Thread[Test worker,5,main])--UPDATE ast_PasswordAlgo_M SET algoDescription = ?, algoHelp = ?, algoIcon = ?, algoName = ?, algorithm = ?, updatedBy = ?, versionId = ? WHERE ((algoId = ?) AND (versionId = ?))
	bind => [yNrE7fyImNVV1DYYlP8nd5xu8WznNx0dJA7SQXmwRtJUbN3T5p, v3ICMsVJ7KzVrwIZL0I0qctSZN87xcXXkLCQWk5LDzndhqgY6N, vKhRZTiCi7ybwOntl5tnS6xfeEdyJBRLx1mjYkYlYqHSLW7h5x, X0U9Fr0qZO0yocY9HJrNEFeSriDrovwl05TcBjBw3EJRFppBRQ, 1, AAAAA, 2, 7CB1D21D-D36E-4E5D-978A-8AA22D97D784, 1]
In around repository aspect
[EL Fine]: sql: 2015-12-04 13:09:23.434--ClientSession(1422736228)--Connection(1006291588)--Thread(Thread[Test worker,5,main])--SELECT algoId, algoDescription, algoHelp, algoIcon, algoName, algorithm, versionId, createdBy, createdDate, updatedBy, updatedDate, activeStatus, txnAccessCode FROM ast_PasswordAlgo_M WHERE ((activeStatus = ?) AND (algoId = ?))
	bind => [1, 7CB1D21D-D36E-4E5D-978A-8AA22D97D784]
In around repository aspect
[EL Fine]: sql: 2015-12-04 13:09:23.441--ClientSession(270238458)--Connection(1006291588)--Thread(Thread[Test worker,5,main])--SELECT algoId, algoDescription, algoHelp, algoIcon, algoName, algorithm, versionId, createdBy, createdDate, updatedBy, updatedDate, activeStatus, txnAccessCode FROM ast_PasswordAlgo_M WHERE (algoId = ?)
	bind => [7CB1D21D-D36E-4E5D-978A-8AA22D97D784]
[EL Fine]: sql: 2015-12-04 13:09:23.443--ClientSession(270238458)--Connection(1006291588)--Thread(Thread[Test worker,5,main])--DELETE FROM ast_PasswordAlgo_M WHERE ((algoId = ?) AND (versionId = ?))
	bind => [7CB1D21D-D36E-4E5D-978A-8AA22D97D784, 2]
]]></system-out>
  <system-err><![CDATA[]]></system-err>
</testsuite>
